[2016-09-26 13:42:19] START
[2016-09-26 13:42:33] CREATE db1.py: 0
[2016-09-26 18:09:10] EDIT difflet/controllers/default.py: 3
[2016-09-26 18:10:40] EDIT difflet/controllers/default.py: 0
[2016-09-26 22:02:39] EDIT difflet/models/db1.py: 1
[2016-09-26 22:11:46] EDIT difflet/private/appconfig.ini: 1
[2016-09-26 22:18:51] EDIT difflet/private/appconfig.ini: 0
[2016-09-26 22:18:56] EDIT difflet/private/appconfig.ini: 0
[2016-09-26 22:20:10] EDIT difflet/models/db1.py: 0
[2016-09-26 22:20:44] EDIT difflet/models/db1.py: 1
[2016-09-26 22:21:00] EDIT difflet/models/db1.py: 1
[2016-09-26 22:21:08] EDIT difflet/models/db1.py: -2
[2016-09-26 22:21:56] EDIT difflet/models/db1.py: 0
[2016-09-27 12:12:28] EDIT difflet/models/db1.py: 3
[2016-09-27 12:12:49] EDIT difflet/models/db1.py: -2
[2016-09-27 12:20:00] EDIT difflet/models/db1.py: 5
[2016-09-27 12:20:15] EDIT difflet/models/db1.py: 1
[2016-09-27 12:28:13] EDIT difflet/models/db1.py: 23
[2016-09-27 12:29:16] EDIT difflet/models/db1.py: 0
[2016-09-27 12:29:34] EDIT difflet/models/db1.py: 0
[2016-09-27 12:30:05] EDIT difflet/models/db1.py: 0
[2016-09-27 12:30:20] EDIT difflet/models/db1.py: 0
[2016-09-27 12:30:42] EDIT difflet/models/db1.py: 0
[2016-09-27 12:31:00] EDIT difflet/models/db1.py: 0
[2016-09-27 12:31:07] EDIT difflet/models/db1.py: 0
[2016-09-27 12:31:12] EDIT difflet/models/db1.py: 0
[2016-09-27 12:31:18] EDIT difflet/models/db1.py: 0
[2016-09-27 12:34:44] EDIT difflet/models/db1.py: 0
[2016-09-27 12:34:49] EDIT difflet/models/db1.py: 0
[2016-09-27 12:36:01] EDIT difflet/models/db1.py: 2
[2016-09-27 12:36:02] EDIT difflet/models/db1.py: 0
[2016-09-27 12:38:08] EDIT difflet/private/appconfig.ini: 0
[2016-09-27 12:47:10] EDIT difflet/models/db1.py: 0
[2016-09-27 12:48:19] EDIT difflet/models/db1.py: 0
[2016-09-27 12:48:22] EDIT difflet/models/db1.py: 0
[2016-09-27 12:48:35] EDIT difflet/models/db1.py: 1
[2016-09-27 12:49:14] EDIT difflet/models/db1.py: 0
[2016-09-27 12:51:47] EDIT difflet/models/db1.py: 0
[2016-09-27 15:49:33] EDIT difflet/controllers/default.py: 2
[2016-09-27 15:59:33] EDIT difflet/controllers/default.py: 1
[2016-09-27 16:03:40] EDIT difflet/views/default/index.html: -26
[2016-09-27 16:03:55] EDIT difflet/views/default/index.html: -18
[2016-09-27 16:05:11] EDIT difflet/views/default/index.html: 3
[2016-09-27 16:05:41] EDIT difflet/views/default/index.html: 0
[2016-09-27 16:06:08] EDIT difflet/views/default/index.html: 0
[2016-09-27 16:06:10] EDIT difflet/views/default/index.html: 0
[2016-09-27 16:06:26] EDIT difflet/views/default/index.html: 1
[2016-09-27 16:06:44] EDIT difflet/views/default/index.html: 0
[2016-09-27 16:08:14] EDIT difflet/controllers/default.py: 7
[2016-09-27 16:08:22] EDIT difflet/controllers/default.py: 0
[2016-09-27 16:08:54] EDIT difflet/views/default/index.html: 2
[2016-09-27 16:09:24] EDIT difflet/views/default/index.html: 0
[2016-09-27 16:09:52] EDIT difflet/views/default/index.html: -3
[2016-09-27 16:10:14] EDIT difflet/views/default/index.html: 0
[2016-09-27 16:13:45] EDIT difflet/views/default/index.html: 5
[2016-09-27 16:14:43] EDIT difflet/controllers/default.py: -1
[2016-09-27 16:14:49] EDIT difflet/controllers/default.py: 0
[2016-09-27 16:14:52] EDIT difflet/controllers/default.py: 0
[2016-09-27 16:15:23] EDIT difflet/views/default/index.html: 0
[2016-09-27 16:15:37] EDIT difflet/views/default/index.html: 0
[2016-09-27 16:15:46] EDIT difflet/views/default/index.html: 0
[2016-09-27 16:17:37] EDIT difflet/controllers/default.py: 1
[2016-09-27 16:18:24] EDIT difflet/controllers/default.py: 0
[2016-09-27 16:21:08] EDIT difflet/controllers/default.py: 4
[2016-09-27 16:21:32] EDIT difflet/controllers/default.py: 0
[2016-09-27 16:22:17] EDIT difflet/controllers/default.py: 0
[2016-09-27 16:24:16] EDIT difflet/controllers/default.py: 0
[2016-09-27 16:24:39] EDIT difflet/controllers/default.py: 0
[2016-09-27 16:24:44] EDIT difflet/controllers/default.py: 0
[2016-09-27 16:25:58] EDIT difflet/controllers/default.py: 10
[2016-09-27 16:26:14] EDIT difflet/controllers/default.py: 0
[2016-09-27 16:26:21] EDIT difflet/controllers/default.py: 0
[2016-09-27 16:26:22] EDIT difflet/controllers/default.py: 0
[2016-09-27 16:26:47] EDIT difflet/controllers/default.py: 0
[2016-09-27 16:27:08] EDIT difflet/controllers/default.py: 0
[2016-09-27 16:27:10] EDIT difflet/controllers/default.py: 0
[2016-09-27 16:27:29] EDIT difflet/views/default/index.html: 0
[2016-09-27 16:27:39] EDIT difflet/controllers/default.py: 0
[2016-09-27 16:27:56] EDIT difflet/controllers/default.py: 0
[2016-09-27 16:29:11] EDIT difflet/controllers/default.py: -1
[2016-09-27 16:29:15] EDIT difflet/controllers/default.py: 0
[2016-10-14 00:50:04] EDIT difflet/controllers/default.py: 2
[2016-10-14 00:50:10] EDIT difflet/controllers/default.py: 1
[2016-10-14 00:51:03] EDIT difflet/controllers/default.py: 2
[2016-10-14 00:51:36] EDIT difflet/controllers/default.py: 1
[2016-10-14 00:51:40] EDIT difflet/controllers/default.py: 0
[2016-10-14 00:55:32] EDIT difflet/controllers/default.py: 0
[2016-10-14 00:55:57] EDIT difflet/controllers/default.py: 0
[2016-10-14 00:56:09] EDIT difflet/controllers/default.py: 0
[2016-10-14 00:58:47] EDIT difflet/controllers/default.py: 1
[2016-10-14 01:06:13] EDIT difflet/controllers/default.py: 8
[2016-10-14 01:06:54] EDIT difflet/controllers/default.py: 0
